Wed 15 May 2024 06:12:58 PM UTC: 
 tests:  0|5
total_score: 0/70
ab3fe75
Wed 15 May 2024 09:56:57 PM UTC: 
 sudoku.c | 19 +++++++++++++++++++
 1 file changed, 19 insertions(+)
 tests:  1|5
total_score: 5/70
20874da
Wed 15 May 2024 09:58:09 PM UTC: 
 sudoku.c | 4 ++++
 1 file changed, 4 insertions(+)
 tests:  2|4
total_score: 15/70
4e22a84
Wed 15 May 2024 10:20:11 PM UTC: 
 sudoku.c | 32 ++++++++++++++++++++++++++++++++
 1 file changed, 32 insertions(+)
 tests:  2|4
total_score: 15/70
a0437c7
Wed 15 May 2024 11:00:13 PM UTC: 
 sudoku.c | 3 +--
 1 file changed, 1 insertion(+), 2 deletions(-)
test.c: In function ‘main’:
test.c:245:5: error: ‘main’ is normally a non-static function [-Werror=main]
  245 | int main( int argc, char *argv[] ) {
      |     ^~~~
test.c:262:1: error: expected declaration or statement at end of input
  262 | }
      | ^
At top level:
test.c:245:5: error: ‘main’ defined but not used [-Werror=unused-function]
  245 | int main( int argc, char *argv[] ) {
      |     ^~~~
test.c:7:8: error: ‘_strdup’ defined but not used [-Werror=unused-function]
    7 | char * _strdup(const char * str) {
      |        ^~~~~~~
cc1: all warnings being treated as errors
Compilation failed
0cc5628
